# JRE version: Java(TM) SE Runtime Environment (24.0+36) (build 24+36-3646)
# Java VM: Java HotSpot(TM) 64-Bit Server VM (24+36-3646, mixed mode, sharing, tiered, compressed oops, compressed class ptrs, g1 gc, windows-amd64)
GC Precious Log:
 CardTable entry size: 512
 Card Set container configuration: InlinePtr #cards 4 size 8 Array Of Cards #cards 16 size 48 Howl #buckets 8 coarsen threshold 3686 Howl Bitmap #cards 512 size 80 coarsen threshold 460 Card regions per heap region 1 cards per card region 4096
 CPUs: 12 total, 12 available
 Memory: 16147M
 Large Page Support: Disabled
 NUMA Support: Disabled
 Compressed Oops: Enabled (Zero based)
 Heap Region Size: 2M
 Heap Min Capacity: 8M
 Heap Initial Capacity: 254M
 Heap Max Capacity: 4038M
 Pre-touch: Disabled
 Parallel Workers: 10
 Concurrent Workers: 3
 Concurrent Refinement Workers: 10
 Periodic GC: Disabled
Heap:
 garbage-first heap   total reserved 4134912K, committed 444416K, used 286189K [0x0000000703a00000, 0x0000000800000000)
  region size 2048K, 5 young (10240K), 5 survivors (10240K)
 Metaspace       used 15428K, committed 15616K, reserved 1114112K
  class space    used 1877K, committed 1984K, reserved 1048576K
GC Heap History (17 events):
Event: 0.758 GC heap before
{Heap before GC invocations=0 (full 0):
 garbage-first heap   total reserved 4134912K, committed 262144K, used 87156K [0x0000000703a00000, 0x0000000800000000)
  region size 2048K, 24 young (49152K), 0 survivors (0K)
 Metaspace       used 7332K, committed 7552K, reserved 1114112K
  class space    used 753K, committed 832K, reserved 1048576K
}
Event: 0.763 GC heap after
{Heap after GC invocations=1 (full 0):
 garbage-first heap   total reserved 4134912K, committed 262144K, used 40445K [0x0000000703a00000, 0x0000000800000000)
  region size 2048K, 3 young (6144K), 3 survivors (6144K)
 Metaspace       used 7332K, committed 7552K, reserved 1114112K
  class space    used 753K, committed 832K, reserved 1048576K
}
Event: 7.154 GC heap before
{Heap before GC invocations=1 (full 0):
 garbage-first heap   total reserved 4134912K, committed 262144K, used 187901K [0x0000000703a00000, 0x0000000800000000)
  region size 2048K, 50 young (102400K), 3 survivors (6144K)
 Metaspace       used 12975K, committed 13184K, reserved 1114112K
  class space    used 1538K, committed 1600K, reserved 1048576K
}
Event: 7.164 GC heap after
{Heap after GC invocations=2 (full 0):
 garbage-first heap   total reserved 4134912K, committed 262144K, used 125958K [0x0000000703a00000, 0x0000000800000000)
  region size 2048K, 7 young (14336K), 7 survivors (14336K)
 Metaspace       used 12975K, committed 13184K, reserved 1114112K
  class space    used 1538K, committed 1600K, reserved 1048576K
}
Event: 7.236 GC heap before
{Heap before GC invocations=2 (full 0):
 garbage-first heap   total reserved 4134912K, committed 262144K, used 187398K [0x0000000703a00000, 0x0000000800000000)
  region size 2048K, 35 young (71680K), 7 survivors (14336K)
 Metaspace       used 12978K, committed 13184K, reserved 1114112K
  class space    used 1538K, committed 1600K, reserved 1048576K
}
Event: 7.246 GC heap after
{Heap after GC invocations=3 (full 0):
 garbage-first heap   total reserved 4134912K, committed 262144K, used 174141K [0x0000000703a00000, 0x0000000800000000)
  region size 2048K, 5 young (10240K), 5 survivors (10240K)
 Metaspace       used 12978K, committed 13184K, reserved 1114112K
  class space    used 1538K, committed 1600K, reserved 1048576K
}
Event: 7.259 GC heap before
{Heap before GC invocations=3 (full 0):
 garbage-first heap   total reserved 4134912K, committed 262144K, used 182333K [0x0000000703a00000, 0x0000000800000000)
  region size 2048K, 11 young (22528K), 5 survivors (10240K)
 Metaspace       used 12978K, committed 13184K, reserved 1114112K
  class space    used 1538K, committed 1600K, reserved 1048576K
}
Event: 7.262 GC heap after
{Heap after GC invocations=4 (full 0):
 garbage-first heap   total reserved 4134912K, committed 262144K, used 182333K [0x0000000703a00000, 0x0000000800000000)
  region size 2048K, 3 young (6144K), 3 survivors (6144K)
 Metaspace       used 12978K, committed 13184K, reserved 1114112K
  class space    used 1538K, committed 1600K, reserved 1048576K
}
Event: 7.343 GC heap before
{Heap before GC invocations=5 (full 0):
 garbage-first heap   total reserved 4134912K, committed 325632K, used 223293K [0x0000000703a00000, 0x0000000800000000)
  region size 2048K, 18 young (36864K), 3 survivors (6144K)
 Metaspace       used 13093K, committed 13312K, reserved 1114112K
  class space    used 1600K, committed 1664K, reserved 1048576K
}
Event: 7.347 GC heap after
{Heap after GC invocations=6 (full 0):
 garbage-first heap   total reserved 4134912K, committed 325632K, used 201734K [0x0000000703a00000, 0x0000000800000000)
  region size 2048K, 3 young (6144K), 3 survivors (6144K)
 Metaspace       used 13093K, committed 13312K, reserved 1114112K
  class space    used 1600K, committed 1664K, reserved 1048576K
}
Event: 7.409 GC heap before
{Heap before GC invocations=6 (full 0):
 garbage-first heap   total reserved 4134912K, committed 325632K, used 259078K [0x0000000703a00000, 0x0000000800000000)
  region size 2048K, 27 young (55296K), 3 survivors (6144K)
 Metaspace       used 13093K, committed 13312K, reserved 1114112K
  class space    used 1600K, committed 1664K, reserved 1048576K
}
Event: 7.416 GC heap after
{Heap after GC invocations=7 (full 0):
 garbage-first heap   total reserved 4134912K, committed 325632K, used 243601K [0x0000000703a00000, 0x0000000800000000)
  region size 2048K, 4 young (8192K), 4 survivors (8192K)
 Metaspace       used 13093K, committed 13312K, reserved 1114112K
  class space    used 1600K, committed 1664K, reserved 1048576K
}
Event: 7.448 GC heap before
{Heap before GC invocations=7 (full 0):
 garbage-first heap   total reserved 4134912K, committed 325632K, used 270225K [0x0000000703a00000, 0x0000000800000000)
  region size 2048K, 18 young (36864K), 4 survivors (8192K)
 Metaspace       used 13093K, committed 13312K, reserved 1114112K
  class space    used 1600K, committed 1664K, reserved 1048576K
}
Event: 7.452 GC heap after
{Heap after GC invocations=8 (full 0):
 garbage-first heap   total reserved 4134912K, committed 325632K, used 266129K [0x0000000703a00000, 0x0000000800000000)
  region size 2048K, 3 young (6144K), 3 survivors (6144K)
 Metaspace       used 13093K, committed 13312K, reserved 1114112K
  class space    used 1600K, committed 1664K, reserved 1048576K
}
Event: 7.481 GC heap before
{Heap before GC invocations=9 (full 0):
 garbage-first heap   total reserved 4134912K, committed 444416K, used 294801K [0x0000000703a00000, 0x0000000800000000)
  region size 2048K, 13 young (26624K), 3 survivors (6144K)
 Metaspace       used 13093K, committed 13312K, reserved 1114112K
  class space    used 1600K, committed 1664K, reserved 1048576K
}
Event: 7.484 GC heap after
{Heap after GC invocations=10 (full 0):
 garbage-first heap   total reserved 4134912K, committed 444416K, used 286609K [0x0000000703a00000, 0x0000000800000000)
  region size 2048K, 2 young (4096K), 2 survivors (4096K)
 Metaspace       used 13093K, committed 13312K, reserved 1114112K
  class space    used 1600K, committed 1664K, reserved 1048576K
}
Event: 24.767 GC heap before
{Heap before GC invocations=10 (full 0):
 garbage-first heap   total reserved 4134912K, committed 444416K, used 368529K [0x0000000703a00000, 0x0000000800000000)
  region size 2048K, 34 young (69632K), 2 survivors (4096K)
 Metaspace       used 15428K, committed 15616K, reserved 1114112K
  class space    used 1877K, committed 1984K, reserved 1048576K
}

