# JRE version: Java(TM) SE Runtime Environment (24.0+36) (build 24+36-3646)
# Java VM: Java HotSpot(TM) 64-Bit Server VM (24+36-3646, mixed mode, sharing, tiered, compressed oops, compressed class ptrs, g1 gc, windows-amd64)
GC Precious Log:
 CardTable entry size: 512
 Card Set container configuration: InlinePtr #cards 4 size 8 Array Of Cards #cards 16 size 48 Howl #buckets 8 coarsen threshold 3686 Howl Bitmap #cards 512 size 80 coarsen threshold 460 Card regions per heap region 1 cards per card region 4096
 CPUs: 12 total, 12 available
 Memory: 16147M
 Large Page Support: Disabled
 NUMA Support: Disabled
 Compressed Oops: Enabled (Zero based)
 Heap Region Size: 2M
 Heap Min Capacity: 8M
 Heap Initial Capacity: 254M
 Heap Max Capacity: 4038M
 Pre-touch: Disabled
 Parallel Workers: 10
 Concurrent Workers: 3
 Concurrent Refinement Workers: 10
 Periodic GC: Disabled
Heap:
 garbage-first heap   total reserved 4134912K, committed 774144K, used 327569K [0x0000000703a00000, 0x0000000800000000)
  region size 2048K, 15 young (30720K), 3 survivors (6144K)
 Metaspace       used 14899K, committed 15104K, reserved 1114112K
  class space    used 1877K, committed 1984K, reserved 1048576K
GC Heap History (18 events):
Event: 0.764 GC heap before
{Heap before GC invocations=0 (full 0):
 garbage-first heap   total reserved 4134912K, committed 262144K, used 87156K [0x0000000703a00000, 0x0000000800000000)
  region size 2048K, 24 young (49152K), 0 survivors (0K)
 Metaspace       used 7336K, committed 7552K, reserved 1114112K
  class space    used 748K, committed 832K, reserved 1048576K
}
Event: 0.769 GC heap after
{Heap after GC invocations=1 (full 0):
 garbage-first heap   total reserved 4134912K, committed 262144K, used 40682K [0x0000000703a00000, 0x0000000800000000)
  region size 2048K, 3 young (6144K), 3 survivors (6144K)
 Metaspace       used 7336K, committed 7552K, reserved 1114112K
  class space    used 748K, committed 832K, reserved 1048576K
}
Event: 5.053 GC heap before
{Heap before GC invocations=1 (full 0):
 garbage-first heap   total reserved 4134912K, committed 262144K, used 188138K [0x0000000703a00000, 0x0000000800000000)
  region size 2048K, 50 young (102400K), 3 survivors (6144K)
 Metaspace       used 12903K, committed 13120K, reserved 1114112K
  class space    used 1525K, committed 1600K, reserved 1048576K
}
Event: 5.063 GC heap after
{Heap after GC invocations=2 (full 0):
 garbage-first heap   total reserved 4134912K, committed 262144K, used 127037K [0x0000000703a00000, 0x0000000800000000)
  region size 2048K, 7 young (14336K), 7 survivors (14336K)
 Metaspace       used 12903K, committed 13120K, reserved 1114112K
  class space    used 1525K, committed 1600K, reserved 1048576K
}
Event: 5.080 GC heap before
{Heap before GC invocations=2 (full 0):
 garbage-first heap   total reserved 4134912K, committed 262144K, used 139325K [0x0000000703a00000, 0x0000000800000000)
  region size 2048K, 15 young (30720K), 7 survivors (14336K)
 Metaspace       used 12904K, committed 13120K, reserved 1114112K
  class space    used 1525K, committed 1600K, reserved 1048576K
}
Event: 5.086 GC heap after
{Heap after GC invocations=3 (full 0):
 garbage-first heap   total reserved 4134912K, committed 262144K, used 141373K [0x0000000703a00000, 0x0000000800000000)
  region size 2048K, 5 young (10240K), 5 survivors (10240K)
 Metaspace       used 12904K, committed 13120K, reserved 1114112K
  class space    used 1525K, committed 1600K, reserved 1048576K
}
Event: 5.152 GC heap before
{Heap before GC invocations=4 (full 0):
 garbage-first heap   total reserved 4134912K, committed 262144K, used 196669K [0x0000000703a00000, 0x0000000800000000)
  region size 2048K, 30 young (61440K), 5 survivors (10240K)
 Metaspace       used 12904K, committed 13120K, reserved 1114112K
  class space    used 1525K, committed 1600K, reserved 1048576K
}
Event: 5.190 GC heap after
{Heap after GC invocations=5 (full 0):
 garbage-first heap   total reserved 4134912K, committed 262144K, used 182333K [0x0000000703a00000, 0x0000000800000000)
  region size 2048K, 4 young (8192K), 4 survivors (8192K)
 Metaspace       used 12904K, committed 13120K, reserved 1114112K
  class space    used 1525K, committed 1600K, reserved 1048576K
}
Event: 5.259 GC heap before
{Heap before GC invocations=5 (full 0):
 garbage-first heap   total reserved 4134912K, committed 262144K, used 219197K [0x0000000703a00000, 0x0000000800000000)
  region size 2048K, 18 young (36864K), 4 survivors (8192K)
 Metaspace       used 13020K, committed 13248K, reserved 1114112K
  class space    used 1590K, committed 1664K, reserved 1048576K
}
Event: 5.264 GC heap after
{Heap after GC invocations=6 (full 0):
 garbage-first heap   total reserved 4134912K, committed 262144K, used 197576K [0x0000000703a00000, 0x0000000800000000)
  region size 2048K, 3 young (6144K), 3 survivors (6144K)
 Metaspace       used 13020K, committed 13248K, reserved 1114112K
  class space    used 1590K, committed 1664K, reserved 1048576K
}
Event: 5.265 GC heap before
{Heap before GC invocations=6 (full 0):
 garbage-first heap   total reserved 4134912K, committed 262144K, used 197576K [0x0000000703a00000, 0x0000000800000000)
  region size 2048K, 4 young (8192K), 3 survivors (6144K)
 Metaspace       used 13020K, committed 13248K, reserved 1114112K
  class space    used 1590K, committed 1664K, reserved 1048576K
}
Event: 5.267 GC heap after
{Heap after GC invocations=7 (full 0):
 garbage-first heap   total reserved 4134912K, committed 262144K, used 198838K [0x0000000703a00000, 0x0000000800000000)
  region size 2048K, 1 young (2048K), 1 survivors (2048K)
 Metaspace       used 13020K, committed 13248K, reserved 1114112K
  class space    used 1590K, committed 1664K, reserved 1048576K
}
Event: 5.298 GC heap before
{Heap before GC invocations=8 (full 0):
 garbage-first heap   total reserved 4134912K, committed 337920K, used 225462K [0x0000000703a00000, 0x0000000800000000)
  region size 2048K, 12 young (24576K), 1 survivors (2048K)
 Metaspace       used 13020K, committed 13248K, reserved 1114112K
  class space    used 1590K, committed 1664K, reserved 1048576K
}
Event: 5.301 GC heap after
{Heap after GC invocations=9 (full 0):
 garbage-first heap   total reserved 4134912K, committed 337920K, used 221073K [0x0000000703a00000, 0x0000000800000000)
  region size 2048K, 2 young (4096K), 2 survivors (4096K)
 Metaspace       used 13020K, committed 13248K, reserved 1114112K
  class space    used 1590K, committed 1664K, reserved 1048576K
}
Event: 5.357 GC heap before
{Heap before GC invocations=9 (full 0):
 garbage-first heap   total reserved 4134912K, committed 337920K, used 270225K [0x0000000703a00000, 0x0000000800000000)
  region size 2048K, 24 young (49152K), 2 survivors (4096K)
 Metaspace       used 13020K, committed 13248K, reserved 1114112K
  class space    used 1590K, committed 1664K, reserved 1048576K
}
Event: 5.363 GC heap after
{Heap after GC invocations=10 (full 0):
 garbage-first heap   total reserved 4134912K, committed 337920K, used 256968K [0x0000000703a00000, 0x0000000800000000)
  region size 2048K, 3 young (6144K), 3 survivors (6144K)
 Metaspace       used 13020K, committed 13248K, reserved 1114112K
  class space    used 1590K, committed 1664K, reserved 1048576K
}
Event: 5.395 GC heap before
{Heap before GC invocations=10 (full 0):
 garbage-first heap   total reserved 4134912K, committed 337920K, used 281544K [0x0000000703a00000, 0x0000000800000000)
  region size 2048K, 17 young (34816K), 3 survivors (6144K)
 Metaspace       used 13020K, committed 13248K, reserved 1114112K
  class space    used 1590K, committed 1664K, reserved 1048576K
}
Event: 5.401 GC heap after
{Heap after GC invocations=11 (full 0):
 garbage-first heap   total reserved 4134912K, committed 774144K, used 278417K [0x0000000703a00000, 0x0000000800000000)
  region size 2048K, 3 young (6144K), 3 survivors (6144K)
 Metaspace       used 13020K, committed 13248K, reserved 1114112K
  class space    used 1590K, committed 1664K, reserved 1048576K
}

